-------------------------------------------------------------------------------
Test set: com.example.restservice.GreetingControllerTests
-------------------------------------------------------------------------------
Tests run: 2, Failures: 0, Errors: 2, Skipped: 0, Time elapsed: 8.994 s <<< FAILURE! - in com.example.restservice.GreetingControllerTests
noParamGreetingShouldReturnDefaultMessage  Time elapsed: 0.002 s  <<< ERROR!
java.lang.IllegalStateException: Failed to load ApplicationContext
Caused by: org.springframework.beans.factory.BeanCreationException: Error creating bean with name 'entityManagerFactory' defined in class path resource [org/springframework/boot/autoconfigure/orm/jpa/HibernateJpaConfiguration.class]: Invocation of init method failed; nested exception is org.hibernate.AnnotationException: No identifier specified for entity: com.example.restservice.models.tutorial.Tutorial
Caused by: org.hibernate.AnnotationException: No identifier specified for entity: com.example.restservice.models.tutorial.Tutorial

paramGreetingShouldReturnTailoredMessage  Time elapsed: 0 s  <<< ERROR!
java.lang.IllegalStateException: Failed to load ApplicationContext
Caused by: org.springframework.beans.factory.BeanCreationException: Error creating bean with name 'entityManagerFactory' defined in class path resource [org/springframework/boot/autoconfigure/orm/jpa/HibernateJpaConfiguration.class]: Invocation of init method failed; nested exception is org.hibernate.AnnotationException: No identifier specified for entity: com.example.restservice.models.tutorial.Tutorial
Caused by: org.hibernate.AnnotationException: No identifier specified for entity: com.example.restservice.models.tutorial.Tutorial

